0 259 0 1 1
1 443 0 1 1
2 703 0 1 1
3 1006 0 1 1
4 1202 0 1 1
5 1238 0 1 1
6 1494 0 1 1
7 1742 0 1 1
8 1994 0 1 1
9 1994 0 1 1
10 2214 4 1 1
11 2238 4 1 1
12 2282 4 1 1
13 2538 4 1 1
14 2690 4 1 2
15 2946 20 1 3
16 3114 20 1 4
17 3218 20 1 5
18 3378 36 1 7
19 3550 36 0 7
20 3826 44 0 9
21 3858 80 0 12
22 4070 80 0 14
23 4158 80 0 20
24 4186 108 0 27
25 4314 132 0 36
26 4318 144 0 47
27 4206 172 0 55
28 3994 184 0 68
29 3942 276 0 81
30 3843 393 0 98
31 3579 533 0 121
32 3327 693 0 140
33 3183 829 0 158
34 2892 969 0 177
35 2588 1149 0 200
36 2568 1281 0 210
37 2316 1409 0 227
38 2024 1569 0 240
39 1860 1737 0 258
40 1620 1881 0 267
